2018-12-14 10:38:26,017 - Log4JLogChute initialized using file 'velocity.log'
2018-12-14 10:38:26,018 - Velocity was not initialized! Calling init()...
2018-12-14 10:38:26,018 - Starting Apache Velocity v1.5 (compiled: 2007-02-22 08:52:29)
2018-12-14 10:38:26,018 - Default Properties File: org\apache\velocity\runtime\defaults\velocity.properties
2018-12-14 10:38:26,018 - Trying to use logger class org.apache.velocity.runtime.log.AvalonLogChute
2018-12-14 10:38:26,019 - Couldn't find class org.apache.velocity.runtime.log.AvalonLogChute or necessary supporting classes in classpath.
java.lang.NoClassDefFoundError: org/apache/log/format/Formatter
	at java.lang.Class.forName0(Native Method)
	at java.lang.Class.forName(Class.java:348)
	at org.apache.velocity.util.ClassUtils.getClass(ClassUtils.java:63)
	at org.apache.velocity.util.ClassUtils.getNewInstance(ClassUtils.java:95)
	at org.apache.velocity.runtime.log.LogManager.createLogChute(LogManager.java:147)
	at org.apache.velocity.runtime.log.LogManager.updateLog(LogManager.java:208)
	at org.apache.velocity.runtime.RuntimeInstance.initializeLog(RuntimeInstance.java:728)
	at org.apache.velocity.runtime.RuntimeInstance.init(RuntimeInstance.java:240)
	at org.apache.velocity.runtime.RuntimeInstance.parse(RuntimeInstance.java:993)
	at org.apache.velocity.runtime.RuntimeInstance.parse(RuntimeInstance.java:972)
	at org.apache.velocity.runtime.RuntimeSingleton.parse(RuntimeSingleton.java:265)
	at org.apache.velocity.app.Velocity.evaluate(Velocity.java:274)
	at org.sonatype.mavenbook.custom.weather.WeatherFormatter.format(WeatherFormatter.java:21)
	at org.sonatype.mavenbook.custom.weather.Main.start(Main.java:38)
	at org.sonatype.mavenbook.custom.weather.Main.main(Main.java:21)
Caused by: java.lang.ClassNotFoundException: org.apache.log.format.Formatter
	at java.net.URLClassLoader.findClass(URLClassLoader.java:381)
	at java.lang.ClassLoader.loadClass(ClassLoader.java:424)
	at sun.misc.Launcher$AppClassLoader.loadClass(Launcher.java:349)
	at java.lang.ClassLoader.loadClass(ClassLoader.java:357)
	... 15 more
2018-12-14 10:38:26,021 - Trying to use logger class org.apache.velocity.runtime.log.Log4JLogChute
2018-12-14 10:38:26,021 - Using logger class org.apache.velocity.runtime.log.Log4JLogChute
2018-12-14 10:38:26,023 - Default ResourceManager initializing. (class org.apache.velocity.runtime.resource.ResourceManagerImpl)
2018-12-14 10:38:26,027 - ResourceLoader instantiated: org.apache.velocity.runtime.resource.loader.FileResourceLoader
2018-12-14 10:38:26,029 - Do unicode file recognition:  false
2018-12-14 10:38:26,029 - FileResourceLoader : adding path '.'
2018-12-14 10:38:26,042 - ResourceCache: initialized (class org.apache.velocity.runtime.resource.ResourceCacheImpl)
2018-12-14 10:38:26,044 - Loaded System Directive: org.apache.velocity.runtime.directive.Literal
2018-12-14 10:38:26,045 - Loaded System Directive: org.apache.velocity.runtime.directive.Macro
2018-12-14 10:38:26,047 - Loaded System Directive: org.apache.velocity.runtime.directive.Parse
2018-12-14 10:38:26,048 - Loaded System Directive: org.apache.velocity.runtime.directive.Include
2018-12-14 10:38:26,048 - Loaded System Directive: org.apache.velocity.runtime.directive.Foreach
2018-12-14 10:38:26,067 - Created '20' parsers.
2018-12-14 10:38:26,073 - Velocimacro : "velocimacro.library" is not set.  Trying default library: VM_global_library.vm
2018-12-14 10:38:26,073 - Velocimacro : Default library not found.
2018-12-14 10:38:26,073 - Velocimacro : allowInline = true : VMs can be defined inline in templates
2018-12-14 10:38:26,073 - Velocimacro : allowInlineToOverride = false : VMs defined inline may NOT replace previous VM definitions
2018-12-14 10:38:26,073 - Velocimacro : allowInlineLocal = false : VMs defined inline will be global in scope if allowed.
2018-12-14 10:38:26,073 - Velocimacro : autoload off : VM system will not automatically reload global library macros
2018-12-14 10:41:14,284 - Log4JLogChute initialized using file 'velocity.log'
2018-12-14 10:41:14,284 - Velocity was not initialized! Calling init()...
2018-12-14 10:41:14,285 - Starting Apache Velocity v1.5 (compiled: 2007-02-22 08:52:29)
2018-12-14 10:41:14,285 - Default Properties File: org\apache\velocity\runtime\defaults\velocity.properties
2018-12-14 10:41:14,285 - Trying to use logger class org.apache.velocity.runtime.log.AvalonLogChute
2018-12-14 10:41:14,286 - Couldn't find class org.apache.velocity.runtime.log.AvalonLogChute or necessary supporting classes in classpath.
java.lang.NoClassDefFoundError: org/apache/log/format/Formatter
	at java.lang.Class.forName0(Native Method)
	at java.lang.Class.forName(Class.java:348)
	at org.apache.velocity.util.ClassUtils.getClass(ClassUtils.java:63)
	at org.apache.velocity.util.ClassUtils.getNewInstance(ClassUtils.java:95)
	at org.apache.velocity.runtime.log.LogManager.createLogChute(LogManager.java:147)
	at org.apache.velocity.runtime.log.LogManager.updateLog(LogManager.java:208)
	at org.apache.velocity.runtime.RuntimeInstance.initializeLog(RuntimeInstance.java:728)
	at org.apache.velocity.runtime.RuntimeInstance.init(RuntimeInstance.java:240)
	at org.apache.velocity.runtime.RuntimeInstance.parse(RuntimeInstance.java:993)
	at org.apache.velocity.runtime.RuntimeInstance.parse(RuntimeInstance.java:972)
	at org.apache.velocity.runtime.RuntimeSingleton.parse(RuntimeSingleton.java:265)
	at org.apache.velocity.app.Velocity.evaluate(Velocity.java:274)
	at org.sonatype.mavenbook.custom.weather.WeatherFormatter.format(WeatherFormatter.java:21)
	at org.sonatype.mavenbook.custom.weather.Main.start(Main.java:38)
	at org.sonatype.mavenbook.custom.weather.Main.main(Main.java:21)
Caused by: java.lang.ClassNotFoundException: org.apache.log.format.Formatter
	at java.net.URLClassLoader.findClass(URLClassLoader.java:381)
	at java.lang.ClassLoader.loadClass(ClassLoader.java:424)
	at sun.misc.Launcher$AppClassLoader.loadClass(Launcher.java:349)
	at java.lang.ClassLoader.loadClass(ClassLoader.java:357)
	... 15 more
2018-12-14 10:41:14,287 - Trying to use logger class org.apache.velocity.runtime.log.Log4JLogChute
2018-12-14 10:41:14,287 - Using logger class org.apache.velocity.runtime.log.Log4JLogChute
2018-12-14 10:41:14,288 - Default ResourceManager initializing. (class org.apache.velocity.runtime.resource.ResourceManagerImpl)
2018-12-14 10:41:14,291 - ResourceLoader instantiated: org.apache.velocity.runtime.resource.loader.FileResourceLoader
2018-12-14 10:41:14,292 - Do unicode file recognition:  false
2018-12-14 10:41:14,292 - FileResourceLoader : adding path '.'
2018-12-14 10:41:14,301 - ResourceCache: initialized (class org.apache.velocity.runtime.resource.ResourceCacheImpl)
2018-12-14 10:41:14,302 - Loaded System Directive: org.apache.velocity.runtime.directive.Literal
2018-12-14 10:41:14,303 - Loaded System Directive: org.apache.velocity.runtime.directive.Macro
2018-12-14 10:41:14,304 - Loaded System Directive: org.apache.velocity.runtime.directive.Parse
2018-12-14 10:41:14,305 - Loaded System Directive: org.apache.velocity.runtime.directive.Include
2018-12-14 10:41:14,306 - Loaded System Directive: org.apache.velocity.runtime.directive.Foreach
2018-12-14 10:41:14,327 - Created '20' parsers.
2018-12-14 10:41:14,332 - Velocimacro : "velocimacro.library" is not set.  Trying default library: VM_global_library.vm
2018-12-14 10:41:14,332 - Velocimacro : Default library not found.
2018-12-14 10:41:14,332 - Velocimacro : allowInline = true : VMs can be defined inline in templates
2018-12-14 10:41:14,332 - Velocimacro : allowInlineToOverride = false : VMs defined inline may NOT replace previous VM definitions
2018-12-14 10:41:14,333 - Velocimacro : allowInlineLocal = false : VMs defined inline will be global in scope if allowed.
2018-12-14 10:41:14,333 - Velocimacro : autoload off : VM system will not automatically reload global library macros
2018-12-14 10:42:37,942 - Log4JLogChute initialized using file 'velocity.log'
2018-12-14 10:42:37,943 - Velocity was not initialized! Calling init()...
2018-12-14 10:42:37,943 - Starting Apache Velocity v1.5 (compiled: 2007-02-22 08:52:29)
2018-12-14 10:42:37,943 - Default Properties File: org\apache\velocity\runtime\defaults\velocity.properties
2018-12-14 10:42:37,943 - Trying to use logger class org.apache.velocity.runtime.log.AvalonLogChute
2018-12-14 10:42:37,944 - Couldn't find class org.apache.velocity.runtime.log.AvalonLogChute or necessary supporting classes in classpath.
java.lang.NoClassDefFoundError: org/apache/log/format/Formatter
	at java.lang.Class.forName0(Native Method)
	at java.lang.Class.forName(Class.java:348)
	at org.apache.velocity.util.ClassUtils.getClass(ClassUtils.java:63)
	at org.apache.velocity.util.ClassUtils.getNewInstance(ClassUtils.java:95)
	at org.apache.velocity.runtime.log.LogManager.createLogChute(LogManager.java:147)
	at org.apache.velocity.runtime.log.LogManager.updateLog(LogManager.java:208)
	at org.apache.velocity.runtime.RuntimeInstance.initializeLog(RuntimeInstance.java:728)
	at org.apache.velocity.runtime.RuntimeInstance.init(RuntimeInstance.java:240)
	at org.apache.velocity.runtime.RuntimeInstance.parse(RuntimeInstance.java:993)
	at org.apache.velocity.runtime.RuntimeInstance.parse(RuntimeInstance.java:972)
	at org.apache.velocity.runtime.RuntimeSingleton.parse(RuntimeSingleton.java:265)
	at org.apache.velocity.app.Velocity.evaluate(Velocity.java:274)
	at org.sonatype.mavenbook.custom.weather.WeatherFormatter.format(WeatherFormatter.java:21)
	at org.sonatype.mavenbook.custom.weather.Main.start(Main.java:38)
	at org.sonatype.mavenbook.custom.weather.Main.main(Main.java:21)
Caused by: java.lang.ClassNotFoundException: org.apache.log.format.Formatter
	at java.net.URLClassLoader.findClass(URLClassLoader.java:381)
	at java.lang.ClassLoader.loadClass(ClassLoader.java:424)
	at sun.misc.Launcher$AppClassLoader.loadClass(Launcher.java:349)
	at java.lang.ClassLoader.loadClass(ClassLoader.java:357)
	... 15 more
2018-12-14 10:42:37,946 - Trying to use logger class org.apache.velocity.runtime.log.Log4JLogChute
2018-12-14 10:42:37,946 - Using logger class org.apache.velocity.runtime.log.Log4JLogChute
2018-12-14 10:42:37,947 - Default ResourceManager initializing. (class org.apache.velocity.runtime.resource.ResourceManagerImpl)
2018-12-14 10:42:37,950 - ResourceLoader instantiated: org.apache.velocity.runtime.resource.loader.FileResourceLoader
2018-12-14 10:42:37,951 - Do unicode file recognition:  false
2018-12-14 10:42:37,951 - FileResourceLoader : adding path '.'
2018-12-14 10:42:37,961 - ResourceCache: initialized (class org.apache.velocity.runtime.resource.ResourceCacheImpl)
2018-12-14 10:42:37,962 - Loaded System Directive: org.apache.velocity.runtime.directive.Literal
2018-12-14 10:42:37,963 - Loaded System Directive: org.apache.velocity.runtime.directive.Macro
2018-12-14 10:42:37,964 - Loaded System Directive: org.apache.velocity.runtime.directive.Parse
2018-12-14 10:42:37,965 - Loaded System Directive: org.apache.velocity.runtime.directive.Include
2018-12-14 10:42:37,966 - Loaded System Directive: org.apache.velocity.runtime.directive.Foreach
2018-12-14 10:42:37,985 - Created '20' parsers.
2018-12-14 10:42:37,990 - Velocimacro : "velocimacro.library" is not set.  Trying default library: VM_global_library.vm
2018-12-14 10:42:37,990 - Velocimacro : Default library not found.
2018-12-14 10:42:37,990 - Velocimacro : allowInline = true : VMs can be defined inline in templates
2018-12-14 10:42:37,990 - Velocimacro : allowInlineToOverride = false : VMs defined inline may NOT replace previous VM definitions
2018-12-14 10:42:37,990 - Velocimacro : allowInlineLocal = false : VMs defined inline will be global in scope if allowed.
2018-12-14 10:42:37,990 - Velocimacro : autoload off : VM system will not automatically reload global library macros
2018-12-14 10:59:39,146 - Log4JLogChute initialized using file 'velocity.log'
2018-12-14 10:59:39,146 - Velocity was not initialized! Calling init()...
2018-12-14 10:59:39,146 - Starting Apache Velocity v1.5 (compiled: 2007-02-22 08:52:29)
2018-12-14 10:59:39,146 - Default Properties File: org\apache\velocity\runtime\defaults\velocity.properties
2018-12-14 10:59:39,146 - Trying to use logger class org.apache.velocity.runtime.log.AvalonLogChute
2018-12-14 10:59:39,147 - Couldn't find class org.apache.velocity.runtime.log.AvalonLogChute or necessary supporting classes in classpath.
java.lang.NoClassDefFoundError: org/apache/log/format/Formatter
	at java.lang.Class.forName0(Native Method)
	at java.lang.Class.forName(Class.java:348)
	at org.apache.velocity.util.ClassUtils.getClass(ClassUtils.java:63)
	at org.apache.velocity.util.ClassUtils.getNewInstance(ClassUtils.java:95)
	at org.apache.velocity.runtime.log.LogManager.createLogChute(LogManager.java:147)
	at org.apache.velocity.runtime.log.LogManager.updateLog(LogManager.java:208)
	at org.apache.velocity.runtime.RuntimeInstance.initializeLog(RuntimeInstance.java:728)
	at org.apache.velocity.runtime.RuntimeInstance.init(RuntimeInstance.java:240)
	at org.apache.velocity.runtime.RuntimeInstance.parse(RuntimeInstance.java:993)
	at org.apache.velocity.runtime.RuntimeInstance.parse(RuntimeInstance.java:972)
	at org.apache.velocity.runtime.RuntimeSingleton.parse(RuntimeSingleton.java:265)
	at org.apache.velocity.app.Velocity.evaluate(Velocity.java:274)
	at org.sonatype.mavenbook.custom.weather.WeatherFormatter.format(WeatherFormatter.java:21)
	at org.sonatype.mavenbook.custom.weather.Main.start(Main.java:38)
	at org.sonatype.mavenbook.custom.weather.Main.main(Main.java:21)
Caused by: java.lang.ClassNotFoundException: org.apache.log.format.Formatter
	at java.net.URLClassLoader.findClass(URLClassLoader.java:381)
	at java.lang.ClassLoader.loadClass(ClassLoader.java:424)
	at sun.misc.Launcher$AppClassLoader.loadClass(Launcher.java:349)
	at java.lang.ClassLoader.loadClass(ClassLoader.java:357)
	... 15 more
2018-12-14 10:59:39,149 - Trying to use logger class org.apache.velocity.runtime.log.Log4JLogChute
2018-12-14 10:59:39,149 - Using logger class org.apache.velocity.runtime.log.Log4JLogChute
2018-12-14 10:59:39,150 - Default ResourceManager initializing. (class org.apache.velocity.runtime.resource.ResourceManagerImpl)
2018-12-14 10:59:39,153 - ResourceLoader instantiated: org.apache.velocity.runtime.resource.loader.FileResourceLoader
2018-12-14 10:59:39,153 - Do unicode file recognition:  false
2018-12-14 10:59:39,154 - FileResourceLoader : adding path '.'
2018-12-14 10:59:39,163 - ResourceCache: initialized (class org.apache.velocity.runtime.resource.ResourceCacheImpl)
2018-12-14 10:59:39,164 - Loaded System Directive: org.apache.velocity.runtime.directive.Literal
2018-12-14 10:59:39,165 - Loaded System Directive: org.apache.velocity.runtime.directive.Macro
2018-12-14 10:59:39,165 - Loaded System Directive: org.apache.velocity.runtime.directive.Parse
2018-12-14 10:59:39,166 - Loaded System Directive: org.apache.velocity.runtime.directive.Include
2018-12-14 10:59:39,167 - Loaded System Directive: org.apache.velocity.runtime.directive.Foreach
2018-12-14 10:59:39,193 - Created '20' parsers.
2018-12-14 10:59:39,198 - Velocimacro : "velocimacro.library" is not set.  Trying default library: VM_global_library.vm
2018-12-14 10:59:39,198 - Velocimacro : Default library not found.
2018-12-14 10:59:39,198 - Velocimacro : allowInline = true : VMs can be defined inline in templates
2018-12-14 10:59:39,198 - Velocimacro : allowInlineToOverride = false : VMs defined inline may NOT replace previous VM definitions
2018-12-14 10:59:39,198 - Velocimacro : allowInlineLocal = false : VMs defined inline will be global in scope if allowed.
2018-12-14 10:59:39,198 - Velocimacro : autoload off : VM system will not automatically reload global library macros
2018-12-14 11:02:45,034 - Log4JLogChute initialized using file 'velocity.log'
2018-12-14 11:02:45,035 - Velocity was not initialized! Calling init()...
2018-12-14 11:02:45,035 - Starting Apache Velocity v1.5 (compiled: 2007-02-22 08:52:29)
2018-12-14 11:02:45,035 - Default Properties File: org\apache\velocity\runtime\defaults\velocity.properties
2018-12-14 11:02:45,035 - Trying to use logger class org.apache.velocity.runtime.log.AvalonLogChute
2018-12-14 11:02:45,036 - Couldn't find class org.apache.velocity.runtime.log.AvalonLogChute or necessary supporting classes in classpath.
java.lang.NoClassDefFoundError: org/apache/log/format/Formatter
	at java.lang.Class.forName0(Native Method)
	at java.lang.Class.forName(Class.java:348)
	at org.apache.velocity.util.ClassUtils.getClass(ClassUtils.java:63)
	at org.apache.velocity.util.ClassUtils.getNewInstance(ClassUtils.java:95)
	at org.apache.velocity.runtime.log.LogManager.createLogChute(LogManager.java:147)
	at org.apache.velocity.runtime.log.LogManager.updateLog(LogManager.java:208)
	at org.apache.velocity.runtime.RuntimeInstance.initializeLog(RuntimeInstance.java:728)
	at org.apache.velocity.runtime.RuntimeInstance.init(RuntimeInstance.java:240)
	at org.apache.velocity.runtime.RuntimeInstance.parse(RuntimeInstance.java:993)
	at org.apache.velocity.runtime.RuntimeInstance.parse(RuntimeInstance.java:972)
	at org.apache.velocity.runtime.RuntimeSingleton.parse(RuntimeSingleton.java:265)
	at org.apache.velocity.app.Velocity.evaluate(Velocity.java:274)
	at org.sonatype.mavenbook.custom.weather.WeatherFormatter.format(WeatherFormatter.java:21)
	at org.sonatype.mavenbook.custom.weather.Main.start(Main.java:38)
	at org.sonatype.mavenbook.custom.weather.Main.main(Main.java:21)
Caused by: java.lang.ClassNotFoundException: org.apache.log.format.Formatter
	at java.net.URLClassLoader.findClass(URLClassLoader.java:381)
	at java.lang.ClassLoader.loadClass(ClassLoader.java:424)
	at sun.misc.Launcher$AppClassLoader.loadClass(Launcher.java:349)
	at java.lang.ClassLoader.loadClass(ClassLoader.java:357)
	... 15 more
2018-12-14 11:02:45,037 - Trying to use logger class org.apache.velocity.runtime.log.Log4JLogChute
2018-12-14 11:02:45,037 - Using logger class org.apache.velocity.runtime.log.Log4JLogChute
2018-12-14 11:02:45,039 - Default ResourceManager initializing. (class org.apache.velocity.runtime.resource.ResourceManagerImpl)
2018-12-14 11:02:45,042 - ResourceLoader instantiated: org.apache.velocity.runtime.resource.loader.FileResourceLoader
2018-12-14 11:02:45,043 - Do unicode file recognition:  false
2018-12-14 11:02:45,043 - FileResourceLoader : adding path '.'
2018-12-14 11:02:45,056 - ResourceCache: initialized (class org.apache.velocity.runtime.resource.ResourceCacheImpl)
2018-12-14 11:02:45,057 - Loaded System Directive: org.apache.velocity.runtime.directive.Literal
2018-12-14 11:02:45,058 - Loaded System Directive: org.apache.velocity.runtime.directive.Macro
2018-12-14 11:02:45,060 - Loaded System Directive: org.apache.velocity.runtime.directive.Parse
2018-12-14 11:02:45,061 - Loaded System Directive: org.apache.velocity.runtime.directive.Include
2018-12-14 11:02:45,061 - Loaded System Directive: org.apache.velocity.runtime.directive.Foreach
2018-12-14 11:02:45,083 - Created '20' parsers.
2018-12-14 11:02:45,088 - Velocimacro : "velocimacro.library" is not set.  Trying default library: VM_global_library.vm
2018-12-14 11:02:45,089 - Velocimacro : Default library not found.
2018-12-14 11:02:45,089 - Velocimacro : allowInline = true : VMs can be defined inline in templates
2018-12-14 11:02:45,089 - Velocimacro : allowInlineToOverride = false : VMs defined inline may NOT replace previous VM definitions
2018-12-14 11:02:45,089 - Velocimacro : allowInlineLocal = false : VMs defined inline will be global in scope if allowed.
2018-12-14 11:02:45,089 - Velocimacro : autoload off : VM system will not automatically reload global library macros
